autoscan-2.5x: warning: missing AC_CHECK_FUNCS([munmap]) wanted by: 
	src/fits/fitsbody.c:161
autoscan-2.5x: warning: missing AC_CHECK_FUNCS([sqrt]) wanted by: 
	src/back.c:307
	src/back.c:361
	src/back.c:418
	src/back.c:423
	src/back.c:468
	src/back.c:480
	src/back.c:627
	src/bpann.c:106
	src/bpann.c:370
	src/filter.c:172
autoscan-2.5x: warning: missing AC_CHECK_FUNCS([strchr]) wanted by: 
	src/prefs.c:129
	src/prefs.c:196
	src/prefs.c:217
	src/fits/fitskey.c:648
	src/fits/fitskey.c:650
autoscan-2.5x: warning: missing AC_CHECK_FUNCS([strcspn]) wanted by: 
	src/prefs.c:142
	src/fits/fitsutil.c:53
autoscan-2.5x: warning: missing AC_CHECK_FUNCS([strpbrk]) wanted by: 
	src/fits/fitshead.c:764
autoscan-2.5x: warning: missing AC_CHECK_FUNCS([strrchr]) wanted by: 
	src/field.c:55
autoscan-2.5x: warning: missing AC_CHECK_FUNCS([strtol]) wanted by: 
	src/prefs.c:233
	src/fits/fitshead.c:282
	src/fits/fitshead.c:622
	src/fits/fitshead.c:654
autoscan-2.5x: warning: missing AC_CHECK_HEADERS([fcntl.h]) wanted by: 
	src/fits/fitscat.c:26
autoscan-2.5x: warning: missing AC_FUNC_ERROR_AT_LINE wanted by: 
	src/prefs.c:122
	src/prefs.c:147
	src/prefs.c:169
	src/prefs.c:174
	src/prefs.c:179
	src/prefs.c:184
	src/prefs.c:189
	src/prefs.c:195
	src/prefs.c:199
	src/prefs.c:204
	src/prefs.c:209
	src/prefs.c:216
	src/prefs.c:220
	src/prefs.c:224
	src/prefs.c:232
	src/prefs.c:237
	src/prefs.c:241
	src/prefs.c:249
	src/prefs.c:254
	src/prefs.c:258
	src/prefs.c:266
	src/prefs.c:271
	src/prefs.c:275
	src/prefs.c:290
	src/prefs.c:297
	src/prefs.c:302
	src/prefs.c:318
	src/define.h:130
	src/define.h:135
	src/define.h:140
	src/define.h:145
	src/define.h:149
	src/define.h:153
	src/define.h:158
	src/main.c:57
	src/main.c:103
	src/main.c:112
	src/main.c:121
	src/makeit.c:61
	src/makeit.c:66
	src/makeit.c:94
	src/makeit.c:130
	src/bpann.c:230
	src/bpann.c:499
	src/field.c:63
	src/field.c:68
	src/field.c:75
	src/field.c:119
	src/filter.c:115
	src/filter.c:146
	src/filter.c:156
	src/filter.c:159
	src/filter.c:200
	src/filter.c:215
	src/filter.c:226
	src/filter.c:229
	src/filter.c:232
	src/retina.c:77
	src/retina.c:88
	src/retina.c:91
	src/retina.c:94
	src/retina.c:106
	src/fits/fitsbody.c:72
	src/fits/fitsbody.c:105
	src/fits/fitsbody.c:272
	src/fits/fitsbody.c:291
	src/fits/fitsbody.c:341
	src/fits/fitsbody.c:370
	src/fits/fitsbody.c:399
	src/fits/fitsbody.c:484
	src/fits/fitsbody.c:500
	src/fits/fitscat.c:123
	src/fits/fitscat.c:390
	src/fits/fitshead.c:52
	src/fits/fitshead.c:103
	src/fits/fitshead.c:107
	src/fits/fitshead.c:113
	src/fits/fitshead.c:127
	src/fits/fitshead.c:202
	src/fits/fitshead.c:237
	src/fits/fitshead.c:251
	src/fits/fitshead.c:272
	src/fits/fitshead.c:299
	src/fits/fitskey.c:226
	src/fits/fitskey.c:234
	src/fits/fitskey.c:302
	src/fits/fitskey.c:629
	src/fits/fitskey.c:925
	src/fits/fitsmisc.c:37
	src/fits/fitsmisc.c:102
	src/fits/fitsread.c:46
	src/fits/fitsread.c:82
	src/fits/fitsread.c:88
	src/fits/fitsread.c:90
	src/fits/fitsread.c:130
	src/fits/fitsread.c:134
	src/fits/fitsread.c:254
	src/fits/fitstab.c:584
	src/fits/fitstab.c:587
	src/fits/fitsutil.c:361
	src/fits/fitsutil.c:508
	src/fits/fitswrite.c:50
	src/fits/fitswrite.c:66
	src/fits/fitswrite.c:128
	src/fits/fitswrite.c:156
	src/fits/fitswrite.c:187
	src/fits/fitswrite.c:198
	src/fits/fitswrite.c:233
	src/fits/fitswrite.c:261
	src/fits/fitswrite.c:332
	src/fits/fitswrite.c:372
	src/fits/fitswrite.c:418
	src/fits/fitscat_defs.h:88
	src/fits/fitscat_defs.h:92
	src/fits/fitscat_defs.h:96
	src/fits/fitscat_defs.h:101
	src/fits/fitscat_defs.h:109
	src/fits/fitscat_defs.h:114
	src/fits/fitscat_defs.h:119
	src/fits/fitscat_defs.h:125
	src/fits/fitscat_defs.h:139
	src/fits/fitscat.h:198
	src/fits/fitscat.h:295
autoscan-2.5x: warning: missing AC_FUNC_MALLOC wanted by: 
	src/define.h:134
	src/field.c:117
	src/fits/fitsbody.c:81
	src/fits/fitsbody.c:99
	src/fits/fitscat_defs.h:113
	src/fits/fitscat_defs.h:118
autoscan-2.5x: warning: missing AC_FUNC_REALLOC wanted by: 
	src/define.h:139
	src/fits/fitscat_defs.h:124
