This file contains any messages produced by compilers while
running configure, to aid debugging if configure makes a mistake.

It was created by eye configure 1.2b1, which was
generated by GNU Autoconf 2.57.  Invocation command line was

  $ ./configure --no-create --no-recursion

## --------- ##
## Platform. ##
## --------- ##

hostname = mix2.iap.fr
uname -m = x86_64
uname -r = 2.6.7-gentoo-r11
uname -s = Linux
uname -v = #1 SMP Fri Jul 30 18:45:12 CEST 2004

/usr/bin/uname -p = AMD Opteron(tm) Processor 244
/bin/uname -X     = unknown

/bin/arch              = x86_64
/usr/bin/arch -k       = unknown
/usr/convex/getsysinfo = unknown
hostinfo               = unknown
/bin/machine           = unknown
/usr/bin/oslevel       = unknown
/bin/universe          = unknown

PATH: /usr/local/bin
PATH: /usr/bin
PATH: /bin
PATH: /opt/bin
PATH: /usr/x86_64-pc-linux-gnu/gcc-bin/3.3
PATH: /opt/blackdown-jdk-1.4.2.02/bin
PATH: /opt/blackdown-jdk-1.4.2.02/jre/bin
PATH: /usr/qt/3/bin
PATH: /usr/kde/3.4/bin
PATH: /usr/share/omniORB/bin/scripts
PATH: /usr/local/gaia/bin/esp
PATH: /usr/local/gaia/bin/extractor
PATH: /usr/local/gaia/bin/gaia
PATH: /usr/local/gaia/bin/photom
PATH: /usr/local/gaia/bin/polpack
PATH: /opt/intel_cce_80/bin
PATH: /opt/intel_fce_80/bin
PATH: /opt/intel_idbe_80/bin
PATH: /home/nis/marmo/bin


## ----------- ##
## Core tests. ##
## ----------- ##

configure:1328: checking for a BSD-compatible install
configure:1382: result: /usr/bin/install -c
configure:1393: checking whether build environment is sane
configure:1436: result: yes
configure:1469: checking for gawk
configure:1485: found /usr/bin/gawk
configure:1495: result: gawk
configure:1505: checking whether make sets $(MAKE)
configure:1525: result: yes
configure:1693: result: *********** Configuring:  eye 1.2b1 (2005-12-19) **********
configure:1706: checking for Linux Intel C compiler mode
configure:1717: result: no
configure:1722: checking for Assure debugger mode
configure:1733: result: no
configure:1738: checking for Insure++ debugger mode
configure:1749: result: no
configure:1754: checking for e-fence mode
configure:1764: result: no
configure:1769: checking for gprof profiler mode
configure:1779: result: no
configure:1784: checking for MPI mode
configure:1794: result: no
configure:1799: checking static linking
configure:1809: result: no
configure:1867: checking for cc
configure:1883: found /usr/bin/cc
configure:1893: result: cc
configure:1914: checking for C compiler version
configure:1917: cc --version </dev/null >&5
gcc (GCC) 3.3.4 20040623 (Gentoo Linux 3.3.4-r1, ssp-3.3.2-2, pie-8.7.6)
Copyright (C) 2003 Free Software Foundation, Inc.
This is free software; see the source for copying conditions.  There is NO
warranty; not even for MERCHANTABILITY or FITNESS FOR A PARTICULAR PURPOSE.

configure:1920: $? = 0
configure:1922: cc -v </dev/null >&5
Reading specs from /usr/lib/gcc-lib/x86_64-pc-linux-gnu/3.3.4/specs
Configured with: /var/tmp/portage/gcc-3.3.4-r1/work/gcc-3.3.4/configure --prefix=/usr --bindir=/usr/x86_64-pc-linux-gnu/gcc-bin/3.3 --includedir=/usr/lib/gcc-lib/x86_64-pc-linux-gnu/3.3.4/include --datadir=/usr/share/gcc-data/x86_64-pc-linux-gnu/3.3 --mandir=/usr/share/gcc-data/x86_64-pc-linux-gnu/3.3/man --infodir=/usr/share/gcc-data/x86_64-pc-linux-gnu/3.3/info --enable-shared --host=x86_64-pc-linux-gnu --target=x86_64-pc-linux-gnu --with-system-zlib --enable-languages=c,c++,f77 --enable-threads=posix --enable-long-long --disable-checking --disable-libunwind-exceptions --enable-cstdio=stdio --enable-version-specific-runtime-libs --with-gxx-include-dir=/usr/lib/gcc-lib/x86_64-pc-linux-gnu/3.3.4/include/g++-v3 --with-local-prefix=/usr/local --enable-shared --enable-nls --without-included-gettext --enable-multilib --enable-__cxa_atexit --enable-clocale=generic
Thread model: posix
gcc version 3.3.4 20040623 (Gentoo Linux 3.3.4-r1, ssp-3.3.2-2, pie-8.7.6)
configure:1925: $? = 0
configure:1927: cc -V </dev/null >&5
gcc: `-V' option must have argument
configure:1930: $? = 1
configure:1954: checking for C compiler default output
configure:1957: cc    conftest.c  >&5
configure:1960: $? = 0
configure:2006: result: a.out
configure:2011: checking whether the C compiler works
configure:2017: ./a.out
configure:2020: $? = 0
configure:2037: result: yes
configure:2044: checking whether we are cross compiling
configure:2046: result: no
configure:2049: checking for suffix of executables
configure:2051: cc -o conftest    conftest.c  >&5
configure:2054: $? = 0
configure:2079: result: 
configure:2085: checking for suffix of object files
configure:2107: cc -c   conftest.c >&5
configure:2110: $? = 0
configure:2132: result: o
configure:2136: checking whether we are using the GNU C compiler
configure:2161: cc -c   conftest.c >&5
configure:2164: $? = 0
configure:2167: test -s conftest.o
configure:2170: $? = 0
configure:2183: result: yes
configure:2189: checking whether cc accepts -g
configure:2211: cc -c -g  conftest.c >&5
configure:2214: $? = 0
configure:2217: test -s conftest.o
configure:2220: $? = 0
configure:2231: result: yes
configure:2248: checking for cc option to accept ANSI C
configure:2309: cc  -c   conftest.c >&5
configure:2312: $? = 0
configure:2315: test -s conftest.o
configure:2318: $? = 0
configure:2336: result: none needed
configure:2354: cc -c   conftest.c >&5
conftest.c:2: error: syntax error before "me"
configure:2357: $? = 1
configure: failed program was:
| #ifndef __cplusplus
|   choke me
| #endif
configure:2485: checking for style of include used by make
configure:2513: result: GNU
configure:2541: checking dependency style of cc
configure:2603: result: gcc3
configure:2929: checking for cc option to accept ANSI C
configure:2993: cc  -c   conftest.c >&5
configure:2996: $? = 0
configure:2999: test -s conftest.o
configure:3002: $? = 0
configure:3017: result: none needed
configure:3030: checking for strerror in -lcposix
configure:3061: cc -o conftest    conftest.c -lcposix   >&5
/usr/lib/gcc-lib/x86_64-pc-linux-gnu/3.3.4/../../../../x86_64-pc-linux-gnu/bin/ld: cannot find -lcposix
collect2: ld returned 1 exit status
configure:3064: $? = 1
configure: failed program was:
| #line 3037 "configure"
| /* confdefs.h.  */
| 
| #define PACKAGE_NAME "eye"
| #define PACKAGE_TARNAME "eye"
| #define PACKAGE_VERSION "1.2b1"
| #define PACKAGE_STRING "eye 1.2b1"
| #define PACKAGE_BUGREPORT "bertin@iap.fr"
| #define PACKAGE "eye"
| #define VERSION "1.2b1"
| #define DATE "2005-12-19"
| /* end confdefs.h.  */
| 
| /* Override any gcc2 internal prototype to avoid an error.  */
| #ifdef __cplusplus
| extern "C"
| #endif
| /* We use char because int might match the return type of a gcc2
|    builtin and then its argument prototype would still apply.  */
| char strerror ();
| int
| main ()
| {
| strerror ();
|   ;
|   return 0;
| }
configure:3082: result: no
configure:3092: checking for C compiler optimization flags
configure:3153: result: -O3 -funroll-loops -fomit-frame-pointer -Wall
configure:3197: checking for ranlib
configure:3213: found /usr/bin/ranlib
configure:3224: result: ranlib
configure:3239: checking for sin in -lm
configure:3270: cc -o conftest  -O3 -funroll-loops -fomit-frame-pointer -Wall   conftest.c -lm   >&5
configure:3264: warning: conflicting types for built-in function `sin'
configure:3273: $? = 0
configure:3276: test -s conftest
configure:3279: $? = 0
configure:3291: result: yes
configure:3309: checking how to run the C preprocessor
configure:3345: cc -E  conftest.c
configure:3351: $? = 0
configure:3383: cc -E  conftest.c
configure:3386:28: ac_nonexistent.h: No such file or directory
configure:3389: $? = 1
configure: failed program was:
| #line 3374 "configure"
| /* confdefs.h.  */
| 
| #define PACKAGE_NAME "eye"
| #define PACKAGE_TARNAME "eye"
| #define PACKAGE_VERSION "1.2b1"
| #define PACKAGE_STRING "eye 1.2b1"
| #define PACKAGE_BUGREPORT "bertin@iap.fr"
| #define PACKAGE "eye"
| #define VERSION "1.2b1"
| #define DATE "2005-12-19"
| #define HAVE_LIBM 1
| /* end confdefs.h.  */
| #include <ac_nonexistent.h>
configure:3427: result: cc -E
configure:3452: cc -E  conftest.c
configure:3458: $? = 0
configure:3490: cc -E  conftest.c
configure:3493:28: ac_nonexistent.h: No such file or directory
configure:3496: $? = 1
configure: failed program was:
| #line 3481 "configure"
| /* confdefs.h.  */
| 
| #define PACKAGE_NAME "eye"
| #define PACKAGE_TARNAME "eye"
| #define PACKAGE_VERSION "1.2b1"
| #define PACKAGE_STRING "eye 1.2b1"
| #define PACKAGE_BUGREPORT "bertin@iap.fr"
| #define PACKAGE "eye"
| #define VERSION "1.2b1"
| #define DATE "2005-12-19"
| #define HAVE_LIBM 1
| /* end confdefs.h.  */
| #include <ac_nonexistent.h>
configure:3539: checking for egrep
configure:3549: result: grep -E
configure:3554: checking for ANSI C header files
configure:3580: cc -c  -O3 -funroll-loops -fomit-frame-pointer -Wall  conftest.c >&5
configure:3583: $? = 0
configure:3586: test -s conftest.o
configure:3589: $? = 0
configure:3681: cc -o conftest  -O3 -funroll-loops -fomit-frame-pointer -Wall   conftest.c -lm  >&5
configure: In function `main':
configure:3678: warning: implicit declaration of function `exit'
configure:3684: $? = 0
configure:3686: ./conftest
configure:3689: $? = 0
configure:3704: result: yes
configure:3728: checking for sys/types.h
configure:3745: cc -c  -O3 -funroll-loops -fomit-frame-pointer -Wall  conftest.c >&5
configure:3748: $? = 0
configure:3751: test -s conftest.o
configure:3754: $? = 0
configure:3765: result: yes
configure:3728: checking for sys/stat.h
configure:3745: cc -c  -O3 -funroll-loops -fomit-frame-pointer -Wall  conftest.c >&5
configure:3748: $? = 0
configure:3751: test -s conftest.o
configure:3754: $? = 0
configure:3765: result: yes
configure:3728: checking for stdlib.h
configure:3745: cc -c  -O3 -funroll-loops -fomit-frame-pointer -Wall  conftest.c >&5
configure:3748: $? = 0
configure:3751: test -s conftest.o
configure:3754: $? = 0
configure:3765: result: yes
configure:3728: checking for string.h
configure:3745: cc -c  -O3 -funroll-loops -fomit-frame-pointer -Wall  conftest.c >&5
configure:3748: $? = 0
configure:3751: test -s conftest.o
configure:3754: $? = 0
configure:3765: result: yes
configure:3728: checking for memory.h
configure:3745: cc -c  -O3 -funroll-loops -fomit-frame-pointer -Wall  conftest.c >&5
configure:3748: $? = 0
configure:3751: test -s conftest.o
configure:3754: $? = 0
configure:3765: result: yes
configure:3728: checking for strings.h
configure:3745: cc -c  -O3 -funroll-loops -fomit-frame-pointer -Wall  conftest.c >&5
configure:3748: $? = 0
configure:3751: test -s conftest.o
configure:3754: $? = 0
configure:3765: result: yes
configure:3728: checking for inttypes.h
configure:3745: cc -c  -O3 -funroll-loops -fomit-frame-pointer -Wall  conftest.c >&5
configure:3748: $? = 0
configure:3751: test -s conftest.o
configure:3754: $? = 0
configure:3765: result: yes
configure:3728: checking for stdint.h
configure:3745: cc -c  -O3 -funroll-loops -fomit-frame-pointer -Wall  conftest.c >&5
configure:3748: $? = 0
configure:3751: test -s conftest.o
configure:3754: $? = 0
configure:3765: result: yes
configure:3728: checking for unistd.h
configure:3745: cc -c  -O3 -funroll-loops -fomit-frame-pointer -Wall  conftest.c >&5
configure:3748: $? = 0
configure:3751: test -s conftest.o
configure:3754: $? = 0
configure:3765: result: yes
configure:3794: checking fcntl.h usability
configure:3807: cc -c  -O3 -funroll-loops -fomit-frame-pointer -Wall  conftest.c >&5
configure:3810: $? = 0
configure:3813: test -s conftest.o
configure:3816: $? = 0
configure:3826: result: yes
configure:3830: checking fcntl.h presence
configure:3841: cc -E  conftest.c
configure:3847: $? = 0
configure:3866: result: yes
configure:3902: checking for fcntl.h
configure:3909: result: yes
configure:3794: checking sys/mman.h usability
configure:3807: cc -c  -O3 -funroll-loops -fomit-frame-pointer -Wall  conftest.c >&5
configure:3810: $? = 0
configure:3813: test -s conftest.o
configure:3816: $? = 0
configure:3826: result: yes
configure:3830: checking sys/mman.h presence
configure:3841: cc -E  conftest.c
configure:3847: $? = 0
configure:3866: result: yes
configure:3902: checking for sys/mman.h
configure:3909: result: yes
configure:3794: checking time.h usability
configure:3807: cc -c  -O3 -funroll-loops -fomit-frame-pointer -Wall  conftest.c >&5
configure:3810: $? = 0
configure:3813: test -s conftest.o
configure:3816: $? = 0
configure:3826: result: yes
configure:3830: checking time.h presence
configure:3841: cc -E  conftest.c
configure:3847: $? = 0
configure:3866: result: yes
configure:3902: checking for time.h
configure:3909: result: yes
configure:3785: checking for unistd.h
configure:3790: result: yes
configure:4068: checking for an ANSI C-conforming const
configure:4136: cc -c  -O3 -funroll-loops -fomit-frame-pointer -Wall  conftest.c >&5
configure: In function `main':
configure:4126: warning: unused variable `s'
configure:4146: warning: unused variable `foo'
configure:4107: warning: unused variable `x'
configure:4113: warning: unused variable `zero'
configure:4125: warning: `t' might be used uninitialized in this function
configure:4143: warning: `b' might be used uninitialized in this function
configure:4139: $? = 0
configure:4142: test -s conftest.o
configure:4145: $? = 0
configure:4156: result: yes
configure:4166: checking for off_t
configure:4191: cc -c  -O3 -funroll-loops -fomit-frame-pointer -Wall  conftest.c >&5
configure:4194: $? = 0
configure:4197: test -s conftest.o
configure:4200: $? = 0
configure:4211: result: yes
configure:4223: checking for size_t
configure:4248: cc -c  -O3 -funroll-loops -fomit-frame-pointer -Wall  conftest.c >&5
configure:4251: $? = 0
configure:4254: test -s conftest.o
configure:4257: $? = 0
configure:4268: result: yes
configure:4280: checking return type of signal handlers
configure:4312: cc -c  -O3 -funroll-loops -fomit-frame-pointer -Wall  conftest.c >&5
configure: In function `main':
configure:4325: warning: unused variable `i'
configure:4315: $? = 0
configure:4318: test -s conftest.o
configure:4321: $? = 0
configure:4332: result: void
configure:4340: checking for uid_t in sys/types.h
configure:4364: result: yes
configure:4379: checking for unsigned long long
configure:4404: cc -c  -O3 -funroll-loops -fomit-frame-pointer -Wall  conftest.c >&5
configure:4407: $? = 0
configure:4410: test -s conftest.o
configure:4413: $? = 0
configure:4424: result: yes
configure:4434: checking for long long
configure:4459: cc -c  -O3 -funroll-loops -fomit-frame-pointer -Wall  conftest.c >&5
configure:4462: $? = 0
configure:4465: test -s conftest.o
configure:4468: $? = 0
configure:4479: result: yes
configure:4490: checking whether struct tm is in sys/time.h or time.h
configure:4514: cc -c  -O3 -funroll-loops -fomit-frame-pointer -Wall  conftest.c >&5
configure: In function `main':
configure:4530: warning: statement with no effect
configure:4517: $? = 0
configure:4520: test -s conftest.o
configure:4523: $? = 0
configure:4534: result: time.h
configure:4546: checking for error_at_line
configure:4568: cc -o conftest  -O3 -funroll-loops -fomit-frame-pointer -Wall   conftest.c -lm  >&5
configure: In function `main':
configure:4584: warning: implicit declaration of function `error_at_line'
configure:4571: $? = 0
configure:4574: test -s conftest
configure:4577: $? = 0
configure:4588: result: yes
configure:4600: checking for stdlib.h
configure:4605: result: yes
configure:4600: checking for unistd.h
configure:4605: result: yes
configure:4741: checking for getpagesize
configure:4791: cc -o conftest  -O3 -funroll-loops -fomit-frame-pointer -Wall   conftest.c -lm  >&5
configure:4794: $? = 0
configure:4797: test -s conftest
configure:4800: $? = 0
configure:4811: result: yes
configure:4821: checking for working mmap
configure:4964: cc -o conftest  -O3 -funroll-loops -fomit-frame-pointer -Wall   conftest.c -lm  >&5
configure: In function `main':
configure:4996: warning: cast from pointer to integer of different size
configure:4967: $? = 0
configure:4969: ./conftest
configure:4972: $? = 0
configure:4986: result: yes
configure:5001: checking for strftime
configure:5051: cc -o conftest  -O3 -funroll-loops -fomit-frame-pointer -Wall   conftest.c -lm  >&5
configure:5054: $? = 0
configure:5057: test -s conftest
configure:5060: $? = 0
configure:5071: result: yes
configure:5156: checking for atexit
configure:5206: cc -o conftest  -O3 -funroll-loops -fomit-frame-pointer -Wall   conftest.c -lm  >&5
configure:5209: $? = 0
configure:5212: test -s conftest
configure:5215: $? = 0
configure:5226: result: yes
configure:5156: checking for getenv
configure:5206: cc -o conftest  -O3 -funroll-loops -fomit-frame-pointer -Wall   conftest.c -lm  >&5
configure:5209: $? = 0
configure:5212: test -s conftest
configure:5215: $? = 0
configure:5226: result: yes
configure:5156: checking for gethostname
configure:5206: cc -o conftest  -O3 -funroll-loops -fomit-frame-pointer -Wall   conftest.c -lm  >&5
configure:5209: $? = 0
configure:5212: test -s conftest
configure:5215: $? = 0
configure:5226: result: yes
configure:5156: checking for memcpy
configure:5206: cc -o conftest  -O3 -funroll-loops -fomit-frame-pointer -Wall   conftest.c -lm  >&5
configure:5214: warning: conflicting types for built-in function `memcpy'
configure:5209: $? = 0
configure:5212: test -s conftest
configure:5215: $? = 0
configure:5226: result: yes
configure:5156: checking for memmove
configure:5206: cc -o conftest  -O3 -funroll-loops -fomit-frame-pointer -Wall   conftest.c -lm  >&5
configure:5215: warning: conflicting types for built-in function `memmove'
configure:5209: $? = 0
configure:5212: test -s conftest
configure:5215: $? = 0
configure:5226: result: yes
configure:5156: checking for memset
configure:5206: cc -o conftest  -O3 -funroll-loops -fomit-frame-pointer -Wall   conftest.c -lm  >&5
configure:5216: warning: conflicting types for built-in function `memset'
configure:5209: $? = 0
configure:5212: test -s conftest
configure:5215: $? = 0
configure:5226: result: yes
configure:5156: checking for mmap
configure:5206: cc -o conftest  -O3 -funroll-loops -fomit-frame-pointer -Wall   conftest.c -lm  >&5
configure:5209: $? = 0
configure:5212: test -s conftest
configure:5215: $? = 0
configure:5226: result: yes
configure:5156: checking for time
configure:5206: cc -o conftest  -O3 -funroll-loops -fomit-frame-pointer -Wall   conftest.c -lm  >&5
configure:5209: $? = 0
configure:5212: test -s conftest
configure:5215: $? = 0
configure:5226: result: yes
configure:5849: checking for special C compiler options needed for large files
configure:5929: result: no
configure:5935: checking for _FILE_OFFSET_BITS value needed for large files
configure:5967: cc -c  -O3 -funroll-loops -fomit-frame-pointer -Wall  conftest.c >&5
configure:5970: $? = 0
configure:5973: test -s conftest.o
configure:5976: $? = 0
configure:6032: result: no
configure:6042: checking for _LARGE_FILES value needed for large files
configure:6074: cc -c  -O3 -funroll-loops -fomit-frame-pointer -Wall  conftest.c >&5
configure:6077: $? = 0
configure:6080: test -s conftest.o
configure:6083: $? = 0
configure:6139: result: no
configure:6151: checking for _LARGEFILE_SOURCE value needed for large files
configure:6175: cc -c  -O3 -funroll-loops -fomit-frame-pointer -Wall  conftest.c >&5
configure: In function `main':
configure:6205: error: `fseeko' undeclared (first use in this function)
configure:6205: error: (Each undeclared identifier is reported only once
configure:6205: error: for each function it appears in.)
configure:6178: $? = 1
configure: failed program was:
| #line 6158 "configure"
| /* confdefs.h.  */
| 
| #define PACKAGE_NAME "eye"
| #define PACKAGE_TARNAME "eye"
| #define PACKAGE_VERSION "1.2b1"
| #define PACKAGE_STRING "eye 1.2b1"
| #define PACKAGE_BUGREPORT "bertin@iap.fr"
| #define PACKAGE "eye"
| #define VERSION "1.2b1"
| #define DATE "2005-12-19"
| #define HAVE_LIBM 1
| #define STDC_HEADERS 1
| #define HAVE_SYS_TYPES_H 1
| #define HAVE_SYS_STAT_H 1
| #define HAVE_STDLIB_H 1
| #define HAVE_STRING_H 1
| #define HAVE_MEMORY_H 1
| #define HAVE_STRINGS_H 1
| #define HAVE_INTTYPES_H 1
| #define HAVE_STDINT_H 1
| #define HAVE_UNISTD_H 1
| #define HAVE_FCNTL_H 1
| #define HAVE_SYS_MMAN_H 1
| #define HAVE_TIME_H 1
| #define HAVE_UNISTD_H 1
| #define RETSIGTYPE void
| #define HAVE_UNSIGNED_LONG_LONG 1
| #define HAVE_LONG_LONG 1
| #define HAVE_STDLIB_H 1
| #define HAVE_UNISTD_H 1
| #define HAVE_GETPAGESIZE 1
| #define HAVE_MMAP 1
| #define HAVE_STRFTIME 1
| #define HAVE_ATEXIT 1
| #define HAVE_GETENV 1
| #define HAVE_GETHOSTNAME 1
| #define HAVE_MEMCPY 1
| #define HAVE_MEMMOVE 1
| #define HAVE_MEMSET 1
| #define HAVE_MMAP 1
| #define HAVE_TIME 1
| #define THREADS_NMAX 1
| /* end confdefs.h.  */
| #include <stdio.h>
| int
| main ()
| {
| return !fseeko;
|   ;
|   return 0;
| }
configure:6211: cc -c  -O3 -funroll-loops -fomit-frame-pointer -Wall  conftest.c >&5
configure:6214: $? = 0
configure:6217: test -s conftest.o
configure:6220: $? = 0
configure:6232: result: 1
configure:6246: checking for fseeko
configure:6268: cc -o conftest  -O3 -funroll-loops -fomit-frame-pointer -Wall   conftest.c -lm  >&5
configure:6271: $? = 0
configure:6274: test -s conftest
configure:6277: $? = 0
configure:6288: result: yes
configure:6351: result: I will compile using:  cc  -O3 -funroll-loops -fomit-frame-pointer -Wall
configure:6353: result: I will link using:     cc  -lm 
configure:6407: creating ./config.status

## ---------------- ##
## Cache variables. ##
## ---------------- ##

ac_cv_c_compiler_gnu=yes
ac_cv_c_const=yes
ac_cv_env_CC_set=
ac_cv_env_CC_value=
ac_cv_env_CFLAGS_set=
ac_cv_env_CFLAGS_value=
ac_cv_env_CPPFLAGS_set=
ac_cv_env_CPPFLAGS_value=
ac_cv_env_CPP_set=
ac_cv_env_CPP_value=
ac_cv_env_LDFLAGS_set=
ac_cv_env_LDFLAGS_value=
ac_cv_env_build_alias_set=
ac_cv_env_build_alias_value=
ac_cv_env_host_alias_set=
ac_cv_env_host_alias_value=
ac_cv_env_target_alias_set=
ac_cv_env_target_alias_value=
ac_cv_exeext=
ac_cv_func_atexit=yes
ac_cv_func_fseeko=yes
ac_cv_func_getenv=yes
ac_cv_func_gethostname=yes
ac_cv_func_getpagesize=yes
ac_cv_func_memcpy=yes
ac_cv_func_memmove=yes
ac_cv_func_memset=yes
ac_cv_func_mmap=yes
ac_cv_func_mmap_fixed_mapped=yes
ac_cv_func_strftime=yes
ac_cv_func_time=yes
ac_cv_header_fcntl_h=yes
ac_cv_header_inttypes_h=yes
ac_cv_header_memory_h=yes
ac_cv_header_stdc=yes
ac_cv_header_stdint_h=yes
ac_cv_header_stdlib_h=yes
ac_cv_header_string_h=yes
ac_cv_header_strings_h=yes
ac_cv_header_sys_mman_h=yes
ac_cv_header_sys_stat_h=yes
ac_cv_header_sys_types_h=yes
ac_cv_header_time_h=yes
ac_cv_header_unistd_h=yes
ac_cv_lib_cposix_strerror=no
ac_cv_lib_error_at_line=yes
ac_cv_lib_m_sin=yes
ac_cv_objext=o
ac_cv_path_install='/usr/bin/install -c'
ac_cv_prog_AWK=gawk
ac_cv_prog_CPP='cc -E'
ac_cv_prog_ac_ct_CC=cc
ac_cv_prog_ac_ct_RANLIB=ranlib
ac_cv_prog_cc_g=yes
ac_cv_prog_cc_stdc=
ac_cv_prog_egrep='grep -E'
ac_cv_prog_make_make_set=yes
ac_cv_struct_tm=time.h
ac_cv_sys_file_offset_bits=no
ac_cv_sys_large_files=no
ac_cv_sys_largefile_CC=no
ac_cv_sys_largefile_source=1
ac_cv_type_long_long=yes
ac_cv_type_off_t=yes
ac_cv_type_signal=void
ac_cv_type_size_t=yes
ac_cv_type_uid_t=yes
ac_cv_type_unsigned_long_long=yes
am_cv_CC_dependencies_compiler_type=gcc3
am_cv_prog_cc_stdc=

## ----------------- ##
## Output variables. ##
## ----------------- ##

ACLOCAL='${SHELL} /home/nis/marmo/eye/autoconf/missing --run aclocal-1.6'
AMDEPBACKSLASH='\'
AMDEP_FALSE='#'
AMDEP_TRUE=''
AMTAR='${SHELL} /home/nis/marmo/eye/autoconf/missing --run tar'
AUTOCONF='${SHELL} /home/nis/marmo/eye/autoconf/missing --run autoconf'
AUTOHEADER='${SHELL} /home/nis/marmo/eye/autoconf/missing --run autoheader'
AUTOMAKE='${SHELL} /home/nis/marmo/eye/autoconf/missing --run automake-1.6'
AWK='gawk'
CC='cc'
CCDEPMODE='depmode=gcc3'
CFLAGS=' -O3 -funroll-loops -fomit-frame-pointer -Wall'
CPP='cc -E'
CPPFLAGS=''
DATE2='Mon Dec 19 2005'
DATE3='December 2005'
DEFS='-DHAVE_CONFIG_H'
DEPDIR='.deps'
ECHO_C=''
ECHO_N='-n'
ECHO_T=''
EGREP='grep -E'
EXEEXT=''
INSTALL_DATA='${INSTALL} -m 644'
INSTALL_PROGRAM='${INSTALL}'
INSTALL_SCRIPT='${INSTALL}'
INSTALL_STRIP_PROGRAM='${SHELL} $(install_sh) -c -s'
LDFLAGS=''
LIBOBJS=''
LIBS='-lm '
LTLIBOBJS=''
MAKEINFO='${SHELL} /home/nis/marmo/eye/autoconf/missing --run makeinfo'
MPICC=''
MPILIBS=''
OBJEXT='o'
PACKAGE='eye'
PACKAGER='Emmanuel Bertin'
PACKAGE_BUGREPORT='bertin@iap.fr'
PACKAGE_NAME='eye'
PACKAGE_STRING='eye 1.2b1'
PACKAGE_TARNAME='eye'
PACKAGE_VERSION='1.2b1'
PATH_SEPARATOR=':'
PTHREAD_CC=''
PTHREAD_CFLAGS=''
PTHREAD_LIBS=''
RANLIB='ranlib'
SET_MAKE=''
SHELL='/bin/sh'
STRIP=''
VERSION='1.2b1'
ac_ct_CC='cc'
ac_ct_RANLIB='ranlib'
ac_ct_STRIP=''
am__include='include'
am__quote=''
bindir='${exec_prefix}/bin'
build=''
build_alias=''
build_cpu=''
build_os=''
build_vendor=''
datadir='${prefix}/share'
exec_prefix='${prefix}'
host=''
host_alias=''
host_cpu=''
host_os=''
host_vendor=''
includedir='${prefix}/include'
infodir='${prefix}/info'
install_sh='/home/nis/marmo/eye/autoconf/install-sh'
libdir='${exec_prefix}/lib'
libexecdir='${exec_prefix}/libexec'
localstatedir='${prefix}/var'
mandir='${prefix}/man'
oldincludedir='/usr/include'
prefix='/usr/local'
program_transform_name='s,x,x,'
sbindir='${exec_prefix}/sbin'
sharedstatedir='${prefix}/com'
sysconfdir='${prefix}/etc'
target_alias=''

## ----------- ##
## confdefs.h. ##
## ----------- ##

#define DATE "2005-12-19"
#define HAVE_ATEXIT 1
#define HAVE_FCNTL_H 1
#define HAVE_FSEEKO 1
#define HAVE_GETENV 1
#define HAVE_GETHOSTNAME 1
#define HAVE_GETPAGESIZE 1
#define HAVE_INTTYPES_H 1
#define HAVE_LIBM 1
#define HAVE_LONG_LONG 1
#define HAVE_MEMCPY 1
#define HAVE_MEMMOVE 1
#define HAVE_MEMORY_H 1
#define HAVE_MEMSET 1
#define HAVE_MMAP 1
#define HAVE_MMAP 1
#define HAVE_STDINT_H 1
#define HAVE_STDLIB_H 1
#define HAVE_STDLIB_H 1
#define HAVE_STRFTIME 1
#define HAVE_STRINGS_H 1
#define HAVE_STRING_H 1
#define HAVE_SYS_MMAN_H 1
#define HAVE_SYS_STAT_H 1
#define HAVE_SYS_TYPES_H 1
#define HAVE_TIME 1
#define HAVE_TIME_H 1
#define HAVE_UNISTD_H 1
#define HAVE_UNISTD_H 1
#define HAVE_UNISTD_H 1
#define HAVE_UNSIGNED_LONG_LONG 1
#define PACKAGE "eye"
#define PACKAGE_BUGREPORT "bertin@iap.fr"
#define PACKAGE_NAME "eye"
#define PACKAGE_STRING "eye 1.2b1"
#define PACKAGE_TARNAME "eye"
#define PACKAGE_VERSION "1.2b1"
#define RETSIGTYPE void
#define STDC_HEADERS 1
#define THREADS_NMAX 1
#define VERSION "1.2b1"
#define _LARGEFILE_SOURCE 1

configure: exit 0

## ---------------------- ##
## Running config.status. ##
## ---------------------- ##

This file was extended by eye config.status 1.2b1, which was
generated by GNU Autoconf 2.57.  Invocation command line was

  CONFIG_FILES    = 
  CONFIG_HEADERS  = 
  CONFIG_LINKS    = 
  CONFIG_COMMANDS = 
  $ ./config.status Makefile

on mix2.iap.fr

config.status:672: creating Makefile

## ---------------------- ##
## Running config.status. ##
## ---------------------- ##

This file was extended by eye config.status 1.2b1, which was
generated by GNU Autoconf 2.57.  Invocation command line was

  CONFIG_FILES    = 
  CONFIG_HEADERS  = 
  CONFIG_LINKS    = 
  CONFIG_COMMANDS = 
  $ ./config.status config.h

on mix2.iap.fr

config.status:776: creating config.h

## ---------------------- ##
## Running config.status. ##
## ---------------------- ##

This file was extended by eye config.status 1.2b1, which was
generated by GNU Autoconf 2.57.  Invocation command line was

  CONFIG_FILES    = 
  CONFIG_HEADERS  = 
  CONFIG_LINKS    = 
  CONFIG_COMMANDS = 
  $ ./config.status man/Makefile

on mix2.iap.fr

config.status:672: creating man/Makefile

## ---------------------- ##
## Running config.status. ##
## ---------------------- ##

This file was extended by eye config.status 1.2b1, which was
generated by GNU Autoconf 2.57.  Invocation command line was

  CONFIG_FILES    = 
  CONFIG_HEADERS  = 
  CONFIG_LINKS    = 
  CONFIG_COMMANDS = 
  $ ./config.status src/Makefile depfiles

on mix2.iap.fr

config.status:672: creating src/Makefile
config.status:1055: executing depfiles commands

## ---------------------- ##
## Running config.status. ##
## ---------------------- ##

This file was extended by eye config.status 1.2b1, which was
generated by GNU Autoconf 2.57.  Invocation command line was

  CONFIG_FILES    = 
  CONFIG_HEADERS  = 
  CONFIG_LINKS    = 
  CONFIG_COMMANDS = 
  $ ./config.status src/fits/Makefile depfiles

on mix2.iap.fr

config.status:672: creating src/fits/Makefile
config.status:1055: executing depfiles commands
